[2025-06-17T05:52:25.680+0000] {taskinstance.py:1171} INFO - Dependencies all met for <TaskInstance: Final_Project.fetch_from_postgre manual__2025-06-17T05:52:20.424876+00:00 [queued]>
[2025-06-17T05:52:25.704+0000] {taskinstance.py:1171} INFO - Dependencies all met for <TaskInstance: Final_Project.fetch_from_postgre manual__2025-06-17T05:52:20.424876+00:00 [queued]>
[2025-06-17T05:52:25.705+0000] {taskinstance.py:1368} INFO - 
--------------------------------------------------------------------------------
[2025-06-17T05:52:25.706+0000] {taskinstance.py:1369} INFO - Starting attempt 1 of 1
[2025-06-17T05:52:25.707+0000] {taskinstance.py:1370} INFO - 
--------------------------------------------------------------------------------
[2025-06-17T05:52:25.734+0000] {taskinstance.py:1389} INFO - Executing <Task(_PythonDecoratedOperator): fetch_from_postgre> on 2025-06-17 05:52:20.424876+00:00
[2025-06-17T05:52:25.760+0000] {standard_task_runner.py:52} INFO - Started process 373 to run task
[2025-06-17T05:52:25.768+0000] {standard_task_runner.py:79} INFO - Running: ['***', 'tasks', 'run', 'Final_Project', 'fetch_from_postgre', 'manual__2025-06-17T05:52:20.424876+00:00', '--job-id', '2', '--raw', '--subdir', 'DAGS_FOLDER/iphone_etl.py', '--cfg-path', '/tmp/tmp9ll04mpv', '--error-file', '/tmp/tmpi80w43nz']
[2025-06-17T05:52:25.770+0000] {standard_task_runner.py:80} INFO - Job 2: Subtask fetch_from_postgre
[2025-06-17T05:52:26.643+0000] {task_command.py:371} INFO - Running <TaskInstance: Final_Project.fetch_from_postgre manual__2025-06-17T05:52:20.424876+00:00 [running]> on host 240725df7103
[2025-06-17T05:52:27.393+0000] {taskinstance.py:1583} INFO - Exporting the following env vars:
AIRFLOW_CTX_DAG_OWNER=Dwi
AIRFLOW_CTX_DAG_ID=Final_Project
AIRFLOW_CTX_TASK_ID=fetch_from_postgre
AIRFLOW_CTX_EXECUTION_DATE=2025-06-17T05:52:20.424876+00:00
AIRFLOW_CTX_TRY_NUMBER=1
AIRFLOW_CTX_DAG_RUN_ID=manual__2025-06-17T05:52:20.424876+00:00
[2025-06-17T05:52:28.303+0000] {logging_mixin.py:115} INFO - Success FETCH
[2025-06-17T05:52:28.316+0000] {python.py:173} INFO - Done. Returned value was: None
[2025-06-17T05:52:28.535+0000] {taskinstance.py:1412} INFO - Marking task as SUCCESS. dag_id=Final_Project, task_id=fetch_from_postgre, execution_date=20250617T055220, start_date=20250617T055225, end_date=20250617T055228
[2025-06-17T05:52:28.596+0000] {local_task_job.py:156} INFO - Task exited with return code 0
[2025-06-17T05:52:28.897+0000] {local_task_job.py:279} INFO - 1 downstream tasks scheduled from follow-on schedule check
