[2025-06-17T07:08:39.888+0000] {taskinstance.py:1171} INFO - Dependencies all met for <TaskInstance: Final_Project.load_to_postgre manual__2025-06-17T07:08:29.224540+00:00 [queued]>
[2025-06-17T07:08:39.904+0000] {taskinstance.py:1171} INFO - Dependencies all met for <TaskInstance: Final_Project.load_to_postgre manual__2025-06-17T07:08:29.224540+00:00 [queued]>
[2025-06-17T07:08:39.905+0000] {taskinstance.py:1368} INFO - 
--------------------------------------------------------------------------------
[2025-06-17T07:08:39.906+0000] {taskinstance.py:1369} INFO - Starting attempt 1 of 1
[2025-06-17T07:08:39.907+0000] {taskinstance.py:1370} INFO - 
--------------------------------------------------------------------------------
[2025-06-17T07:08:39.928+0000] {taskinstance.py:1389} INFO - Executing <Task(_PythonDecoratedOperator): load_to_postgre> on 2025-06-17 07:08:29.224540+00:00
[2025-06-17T07:08:39.940+0000] {standard_task_runner.py:52} INFO - Started process 1305 to run task
[2025-06-17T07:08:39.945+0000] {standard_task_runner.py:79} INFO - Running: ['***', 'tasks', 'run', 'Final_Project', 'load_to_postgre', 'manual__2025-06-17T07:08:29.224540+00:00', '--job-id', '21', '--raw', '--subdir', 'DAGS_FOLDER/iphone_etl.py', '--cfg-path', '/tmp/tmp6qn1mgzq', '--error-file', '/tmp/tmpwb1mrwxi']
[2025-06-17T07:08:39.948+0000] {standard_task_runner.py:80} INFO - Job 21: Subtask load_to_postgre
[2025-06-17T07:08:40.551+0000] {task_command.py:371} INFO - Running <TaskInstance: Final_Project.load_to_postgre manual__2025-06-17T07:08:29.224540+00:00 [running]> on host 240725df7103
[2025-06-17T07:08:41.009+0000] {taskinstance.py:1583} INFO - Exporting the following env vars:
AIRFLOW_CTX_DAG_OWNER=Dwi
AIRFLOW_CTX_DAG_ID=Final_Project
AIRFLOW_CTX_TASK_ID=load_to_postgre
AIRFLOW_CTX_EXECUTION_DATE=2025-06-17T07:08:29.224540+00:00
AIRFLOW_CTX_TRY_NUMBER=1
AIRFLOW_CTX_DAG_RUN_ID=manual__2025-06-17T07:08:29.224540+00:00
[2025-06-17T07:08:41.248+0000] {logging_mixin.py:115} WARNING - /opt/***/dags/iphone_etl.py:146 FutureWarning: Using short name for 'orient' is deprecated. Only the options: ('dict', list, 'series', 'split', 'records', 'index') will be used in a future version. Use one of the above to silence this warning.
[2025-06-17T07:08:42.646+0000] {python.py:173} INFO - Done. Returned value was: None
[2025-06-17T07:08:42.777+0000] {taskinstance.py:1412} INFO - Marking task as SUCCESS. dag_id=Final_Project, task_id=load_to_postgre, execution_date=20250617T070829, start_date=20250617T070839, end_date=20250617T070842
[2025-06-17T07:08:42.809+0000] {local_task_job.py:156} INFO - Task exited with return code 0
[2025-06-17T07:08:43.171+0000] {local_task_job.py:279} INFO - 1 downstream tasks scheduled from follow-on schedule check
