[2025-06-17T09:21:55.828+0000] {taskinstance.py:1171} INFO - Dependencies all met for <TaskInstance: Final_Project.preprocess_data manual__2025-06-17T09:21:41.342813+00:00 [queued]>
[2025-06-17T09:21:55.855+0000] {taskinstance.py:1171} INFO - Dependencies all met for <TaskInstance: Final_Project.preprocess_data manual__2025-06-17T09:21:41.342813+00:00 [queued]>
[2025-06-17T09:21:55.888+0000] {taskinstance.py:1368} INFO - 
--------------------------------------------------------------------------------
[2025-06-17T09:21:55.889+0000] {taskinstance.py:1369} INFO - Starting attempt 1 of 1
[2025-06-17T09:21:55.890+0000] {taskinstance.py:1370} INFO - 
--------------------------------------------------------------------------------
[2025-06-17T09:21:55.999+0000] {taskinstance.py:1389} INFO - Executing <Task(_PythonDecoratedOperator): preprocess_data> on 2025-06-17 09:21:41.342813+00:00
[2025-06-17T09:21:56.152+0000] {standard_task_runner.py:52} INFO - Started process 2871 to run task
[2025-06-17T09:21:56.378+0000] {standard_task_runner.py:79} INFO - Running: ['***', 'tasks', 'run', 'Final_Project', 'preprocess_data', 'manual__2025-06-17T09:21:41.342813+00:00', '--job-id', '23', '--raw', '--subdir', 'DAGS_FOLDER/iphone_etl.py', '--cfg-path', '/tmp/tmpt84jxsu6', '--error-file', '/tmp/tmp9i0mv0xu']
[2025-06-17T09:21:56.383+0000] {standard_task_runner.py:80} INFO - Job 23: Subtask preprocess_data
[2025-06-17T09:21:58.702+0000] {task_command.py:371} INFO - Running <TaskInstance: Final_Project.preprocess_data manual__2025-06-17T09:21:41.342813+00:00 [running]> on host 240725df7103
[2025-06-17T09:21:59.568+0000] {taskinstance.py:1583} INFO - Exporting the following env vars:
AIRFLOW_CTX_DAG_OWNER=Dwi
AIRFLOW_CTX_DAG_ID=Final_Project
AIRFLOW_CTX_TASK_ID=preprocess_data
AIRFLOW_CTX_EXECUTION_DATE=2025-06-17T09:21:41.342813+00:00
AIRFLOW_CTX_TRY_NUMBER=1
AIRFLOW_CTX_DAG_RUN_ID=manual__2025-06-17T09:21:41.342813+00:00
[2025-06-17T09:21:59.792+0000] {logging_mixin.py:115} INFO - Preprocessed data is Success
[2025-06-17T09:21:59.816+0000] {logging_mixin.py:115} INFO -   product_asin country  ...                      product_variant      product_type
0   B0BDK8LKPJ   India  ...    Apple Iphone 14 (256 GB) - Purple  Apple Iphone 14 
1   B0BDK8LKPJ   India  ...      Apple Iphone 14 (128 GB) - Blue  Apple Iphone 14 
2   B09G9D8KRQ   India  ...  Apple Iphone 13 (256 GB) - Midnight  Apple Iphone 13 
4   B09G9BL5CP   India  ...  Apple Iphone 13 (256 GB) - Midnight  Apple Iphone 13 
5   B09G9BL5CP   India  ...  Apple Iphone 13 (256 GB) - Midnight  Apple Iphone 13 

[5 rows x 14 columns]
[2025-06-17T09:21:59.923+0000] {python.py:173} INFO - Done. Returned value was: None
[2025-06-17T09:22:00.042+0000] {taskinstance.py:1412} INFO - Marking task as SUCCESS. dag_id=Final_Project, task_id=preprocess_data, execution_date=20250617T092141, start_date=20250617T092155, end_date=20250617T092200
[2025-06-17T09:22:00.155+0000] {local_task_job.py:156} INFO - Task exited with return code 0
[2025-06-17T09:22:00.592+0000] {local_task_job.py:279} INFO - 1 downstream tasks scheduled from follow-on schedule check
