[2025-06-17T06:51:33.677+0000] {taskinstance.py:1171} INFO - Dependencies all met for <TaskInstance: Final_Project.fetch_from_postgre manual__2025-06-17T06:51:29.720223+00:00 [queued]>
[2025-06-17T06:51:33.695+0000] {taskinstance.py:1171} INFO - Dependencies all met for <TaskInstance: Final_Project.fetch_from_postgre manual__2025-06-17T06:51:29.720223+00:00 [queued]>
[2025-06-17T06:51:33.696+0000] {taskinstance.py:1368} INFO - 
--------------------------------------------------------------------------------
[2025-06-17T06:51:33.697+0000] {taskinstance.py:1369} INFO - Starting attempt 1 of 1
[2025-06-17T06:51:33.698+0000] {taskinstance.py:1370} INFO - 
--------------------------------------------------------------------------------
[2025-06-17T06:51:33.731+0000] {taskinstance.py:1389} INFO - Executing <Task(_PythonDecoratedOperator): fetch_from_postgre> on 2025-06-17 06:51:29.720223+00:00
[2025-06-17T06:51:33.743+0000] {standard_task_runner.py:52} INFO - Started process 1071 to run task
[2025-06-17T06:51:33.750+0000] {standard_task_runner.py:79} INFO - Running: ['***', 'tasks', 'run', 'Final_Project', 'fetch_from_postgre', 'manual__2025-06-17T06:51:29.720223+00:00', '--job-id', '13', '--raw', '--subdir', 'DAGS_FOLDER/iphone_etl.py', '--cfg-path', '/tmp/tmp4y5nh3ec', '--error-file', '/tmp/tmp4wvbuerl']
[2025-06-17T06:51:33.752+0000] {standard_task_runner.py:80} INFO - Job 13: Subtask fetch_from_postgre
[2025-06-17T06:51:34.312+0000] {task_command.py:371} INFO - Running <TaskInstance: Final_Project.fetch_from_postgre manual__2025-06-17T06:51:29.720223+00:00 [running]> on host 240725df7103
[2025-06-17T06:51:34.862+0000] {taskinstance.py:1583} INFO - Exporting the following env vars:
AIRFLOW_CTX_DAG_OWNER=Dwi
AIRFLOW_CTX_DAG_ID=Final_Project
AIRFLOW_CTX_TASK_ID=fetch_from_postgre
AIRFLOW_CTX_EXECUTION_DATE=2025-06-17T06:51:29.720223+00:00
AIRFLOW_CTX_TRY_NUMBER=1
AIRFLOW_CTX_DAG_RUN_ID=manual__2025-06-17T06:51:29.720223+00:00
[2025-06-17T06:51:35.222+0000] {logging_mixin.py:115} INFO - Success FETCH
[2025-06-17T06:51:35.225+0000] {python.py:173} INFO - Done. Returned value was: None
[2025-06-17T06:51:35.342+0000] {taskinstance.py:1412} INFO - Marking task as SUCCESS. dag_id=Final_Project, task_id=fetch_from_postgre, execution_date=20250617T065129, start_date=20250617T065133, end_date=20250617T065135
[2025-06-17T06:51:35.408+0000] {local_task_job.py:156} INFO - Task exited with return code 0
[2025-06-17T06:51:35.829+0000] {local_task_job.py:279} INFO - 0 downstream tasks scheduled from follow-on schedule check
