[2025-06-17T07:08:32.148+0000] {taskinstance.py:1171} INFO - Dependencies all met for <TaskInstance: Final_Project.fetch_from_postgre manual__2025-06-17T07:08:29.224540+00:00 [queued]>
[2025-06-17T07:08:32.162+0000] {taskinstance.py:1171} INFO - Dependencies all met for <TaskInstance: Final_Project.fetch_from_postgre manual__2025-06-17T07:08:29.224540+00:00 [queued]>
[2025-06-17T07:08:32.163+0000] {taskinstance.py:1368} INFO - 
--------------------------------------------------------------------------------
[2025-06-17T07:08:32.164+0000] {taskinstance.py:1369} INFO - Starting attempt 1 of 1
[2025-06-17T07:08:32.164+0000] {taskinstance.py:1370} INFO - 
--------------------------------------------------------------------------------
[2025-06-17T07:08:32.188+0000] {taskinstance.py:1389} INFO - Executing <Task(_PythonDecoratedOperator): fetch_from_postgre> on 2025-06-17 07:08:29.224540+00:00
[2025-06-17T07:08:32.199+0000] {standard_task_runner.py:52} INFO - Started process 1299 to run task
[2025-06-17T07:08:32.206+0000] {standard_task_runner.py:79} INFO - Running: ['***', 'tasks', 'run', 'Final_Project', 'fetch_from_postgre', 'manual__2025-06-17T07:08:29.224540+00:00', '--job-id', '19', '--raw', '--subdir', 'DAGS_FOLDER/iphone_etl.py', '--cfg-path', '/tmp/tmp257sliik', '--error-file', '/tmp/tmpkixx39g9']
[2025-06-17T07:08:32.209+0000] {standard_task_runner.py:80} INFO - Job 19: Subtask fetch_from_postgre
[2025-06-17T07:08:32.841+0000] {task_command.py:371} INFO - Running <TaskInstance: Final_Project.fetch_from_postgre manual__2025-06-17T07:08:29.224540+00:00 [running]> on host 240725df7103
[2025-06-17T07:08:33.405+0000] {taskinstance.py:1583} INFO - Exporting the following env vars:
AIRFLOW_CTX_DAG_OWNER=Dwi
AIRFLOW_CTX_DAG_ID=Final_Project
AIRFLOW_CTX_TASK_ID=fetch_from_postgre
AIRFLOW_CTX_EXECUTION_DATE=2025-06-17T07:08:29.224540+00:00
AIRFLOW_CTX_TRY_NUMBER=1
AIRFLOW_CTX_DAG_RUN_ID=manual__2025-06-17T07:08:29.224540+00:00
[2025-06-17T07:08:33.705+0000] {logging_mixin.py:115} INFO - Success FETCH
[2025-06-17T07:08:33.707+0000] {python.py:173} INFO - Done. Returned value was: None
[2025-06-17T07:08:33.871+0000] {taskinstance.py:1412} INFO - Marking task as SUCCESS. dag_id=Final_Project, task_id=fetch_from_postgre, execution_date=20250617T070829, start_date=20250617T070832, end_date=20250617T070833
[2025-06-17T07:08:33.944+0000] {local_task_job.py:156} INFO - Task exited with return code 0
[2025-06-17T07:08:34.262+0000] {local_task_job.py:279} INFO - 1 downstream tasks scheduled from follow-on schedule check
