[2025-06-17T09:22:04.151+0000] {taskinstance.py:1171} INFO - Dependencies all met for <TaskInstance: Final_Project.load_to_postgre manual__2025-06-17T09:21:41.342813+00:00 [queued]>
[2025-06-17T09:22:04.167+0000] {taskinstance.py:1171} INFO - Dependencies all met for <TaskInstance: Final_Project.load_to_postgre manual__2025-06-17T09:21:41.342813+00:00 [queued]>
[2025-06-17T09:22:04.168+0000] {taskinstance.py:1368} INFO - 
--------------------------------------------------------------------------------
[2025-06-17T09:22:04.169+0000] {taskinstance.py:1369} INFO - Starting attempt 1 of 1
[2025-06-17T09:22:04.170+0000] {taskinstance.py:1370} INFO - 
--------------------------------------------------------------------------------
[2025-06-17T09:22:04.512+0000] {taskinstance.py:1389} INFO - Executing <Task(_PythonDecoratedOperator): load_to_postgre> on 2025-06-17 09:21:41.342813+00:00
[2025-06-17T09:22:04.524+0000] {standard_task_runner.py:52} INFO - Started process 2874 to run task
[2025-06-17T09:22:04.532+0000] {standard_task_runner.py:79} INFO - Running: ['***', 'tasks', 'run', 'Final_Project', 'load_to_postgre', 'manual__2025-06-17T09:21:41.342813+00:00', '--job-id', '24', '--raw', '--subdir', 'DAGS_FOLDER/iphone_etl.py', '--cfg-path', '/tmp/tmp8w5__jl_', '--error-file', '/tmp/tmpk709d9hx']
[2025-06-17T09:22:04.535+0000] {standard_task_runner.py:80} INFO - Job 24: Subtask load_to_postgre
[2025-06-17T09:22:05.326+0000] {task_command.py:371} INFO - Running <TaskInstance: Final_Project.load_to_postgre manual__2025-06-17T09:21:41.342813+00:00 [running]> on host 240725df7103
[2025-06-17T09:22:05.836+0000] {taskinstance.py:1583} INFO - Exporting the following env vars:
AIRFLOW_CTX_DAG_OWNER=Dwi
AIRFLOW_CTX_DAG_ID=Final_Project
AIRFLOW_CTX_TASK_ID=load_to_postgre
AIRFLOW_CTX_EXECUTION_DATE=2025-06-17T09:21:41.342813+00:00
AIRFLOW_CTX_TRY_NUMBER=1
AIRFLOW_CTX_DAG_RUN_ID=manual__2025-06-17T09:21:41.342813+00:00
[2025-06-17T09:22:06.111+0000] {logging_mixin.py:115} WARNING - /opt/***/dags/iphone_etl.py:144 FutureWarning: Using short name for 'orient' is deprecated. Only the options: ('dict', list, 'series', 'split', 'records', 'index') will be used in a future version. Use one of the above to silence this warning.
[2025-06-17T09:22:07.544+0000] {python.py:173} INFO - Done. Returned value was: None
[2025-06-17T09:22:07.698+0000] {taskinstance.py:1412} INFO - Marking task as SUCCESS. dag_id=Final_Project, task_id=load_to_postgre, execution_date=20250617T092141, start_date=20250617T092204, end_date=20250617T092207
[2025-06-17T09:22:07.753+0000] {local_task_job.py:156} INFO - Task exited with return code 0
[2025-06-17T09:22:08.060+0000] {local_task_job.py:279} INFO - 1 downstream tasks scheduled from follow-on schedule check
