[2025-06-17T05:56:13.793+0000] {taskinstance.py:1171} INFO - Dependencies all met for <TaskInstance: Final_Project.preprocess_data manual__2025-06-17T05:56:06.030561+00:00 [queued]>
[2025-06-17T05:56:13.811+0000] {taskinstance.py:1171} INFO - Dependencies all met for <TaskInstance: Final_Project.preprocess_data manual__2025-06-17T05:56:06.030561+00:00 [queued]>
[2025-06-17T05:56:13.812+0000] {taskinstance.py:1368} INFO - 
--------------------------------------------------------------------------------
[2025-06-17T05:56:13.813+0000] {taskinstance.py:1369} INFO - Starting attempt 1 of 1
[2025-06-17T05:56:13.814+0000] {taskinstance.py:1370} INFO - 
--------------------------------------------------------------------------------
[2025-06-17T05:56:13.837+0000] {taskinstance.py:1389} INFO - Executing <Task(_PythonDecoratedOperator): preprocess_data> on 2025-06-17 05:56:06.030561+00:00
[2025-06-17T05:56:13.848+0000] {standard_task_runner.py:52} INFO - Started process 430 to run task
[2025-06-17T05:56:13.854+0000] {standard_task_runner.py:79} INFO - Running: ['***', 'tasks', 'run', 'Final_Project', 'preprocess_data', 'manual__2025-06-17T05:56:06.030561+00:00', '--job-id', '5', '--raw', '--subdir', 'DAGS_FOLDER/iphone_etl.py', '--cfg-path', '/tmp/tmp80i83kxn', '--error-file', '/tmp/tmp0c21zwuj']
[2025-06-17T05:56:13.857+0000] {standard_task_runner.py:80} INFO - Job 5: Subtask preprocess_data
[2025-06-17T05:56:14.491+0000] {task_command.py:371} INFO - Running <TaskInstance: Final_Project.preprocess_data manual__2025-06-17T05:56:06.030561+00:00 [running]> on host 240725df7103
[2025-06-17T05:56:14.976+0000] {taskinstance.py:1583} INFO - Exporting the following env vars:
AIRFLOW_CTX_DAG_OWNER=Dwi
AIRFLOW_CTX_DAG_ID=Final_Project
AIRFLOW_CTX_TASK_ID=preprocess_data
AIRFLOW_CTX_EXECUTION_DATE=2025-06-17T05:56:06.030561+00:00
AIRFLOW_CTX_TRY_NUMBER=1
AIRFLOW_CTX_DAG_RUN_ID=manual__2025-06-17T05:56:06.030561+00:00
[2025-06-17T05:56:15.076+0000] {logging_mixin.py:115} INFO - Preprocessed data is Success
[2025-06-17T05:56:15.117+0000] {logging_mixin.py:115} INFO -    Unnamed: 0  ...      product_type
0           0  ...  Apple Iphone 14 
1           1  ...  Apple Iphone 14 
2           2  ...  Apple Iphone 13 
3           3  ...  Apple Iphone 13 
4           4  ...  Apple Iphone 13 

[5 rows x 15 columns]
[2025-06-17T05:56:15.268+0000] {python.py:173} INFO - Done. Returned value was: None
[2025-06-17T05:56:15.450+0000] {taskinstance.py:1412} INFO - Marking task as SUCCESS. dag_id=Final_Project, task_id=preprocess_data, execution_date=20250617T055606, start_date=20250617T055613, end_date=20250617T055615
[2025-06-17T05:56:15.514+0000] {local_task_job.py:156} INFO - Task exited with return code 0
[2025-06-17T05:56:15.823+0000] {local_task_job.py:279} INFO - 1 downstream tasks scheduled from follow-on schedule check
